<?xml version="1.0" encoding="UTF-8"?>
<testng-results ignored="0" total="1" passed="1" failed="0" skipped="0">
  <reporter-output>
  </reporter-output>
  <suite started-at="2023-11-06T22:05:11 EST" name="Default suite" finished-at="2023-11-06T22:06:33 EST" duration-ms="82093">
    <groups>
    </groups>
    <test started-at="2023-11-06T22:05:11 EST" name="Default test" finished-at="2023-11-06T22:06:33 EST" duration-ms="82093">
      <class name="pagesTest.HomePageTest">
        <test-method is-config="true" signature="setup()[pri:0, instance:pagesTest.HomePageTest@201a4587]" started-at="2023-11-06T22:05:11 EST" name="setup" finished-at="2023-11-06T22:05:54 EST" duration-ms="42555" status="PASS">
          <reporter-output>
          </reporter-output>
        </test-method> <!-- setup -->
        <test-method signature="clickFinfOutMoreTest()[pri:0, instance:pagesTest.HomePageTest@201a4587]" started-at="2023-11-06T22:05:54 EST" name="clickFinfOutMoreTest" finished-at="2023-11-06T22:06:33 EST" duration-ms="39221" status="PASS">
          <reporter-output>
          </reporter-output>
        </test-method> <!-- clickFinfOutMoreTest -->
        <test-method is-config="true" signature="end()[pri:0, instance:pagesTest.HomePageTest@201a4587]" started-at="2023-11-06T22:06:33 EST" name="end" finished-at="2023-11-06T22:06:33 EST" duration-ms="242" status="PASS">
          <reporter-output>
          </reporter-output>
        </test-method> <!-- end -->
      </class> <!-- pagesTest.HomePageTest -->
    </test> <!-- Default test -->
  </suite> <!-- Default suite -->
</testng-results>
